<?xml version="1.0" encoding="UTF-8"?>
<testsuite xmlns:xsi="http://www.w3.org/2001/XMLSchema-instance" xsi:noNamespaceSchemaLocation="https://maven.apache.org/surefire/maven-surefire-plugin/xsd/surefire-test-report.xsd" name="li.bfih.cryptopredictstream.CryptoPredictStreamApplicationTests" time="3.674" tests="1" errors="0" skipped="0" failures="0">
  <properties>
    <property name="awt.toolkit" value="sun.lwawt.macosx.LWCToolkit"/>
    <property name="java.specification.version" value="12"/>
    <property name="sun.jnu.encoding" value="UTF-8"/>
    <property name="java.class.path" value="/Users/d067805/Documents/IJ_Workspace/crypto-predict-stream/target/test-classes:/Users/d067805/Documents/IJ_Workspace/crypto-predict-stream/target/classes:/Users/d067805/.m2/repository/org/springframework/boot/spring-boot-starter-web/2.3.0.BUILD-SNAPSHOT/spring-boot-starter-web-2.3.0.BUILD-SNAPSHOT.jar:/Users/d067805/.m2/repository/org/springframework/boot/spring-boot-starter/2.3.0.BUILD-SNAPSHOT/spring-boot-starter-2.3.0.BUILD-SNAPSHOT.jar:/Users/d067805/.m2/repository/org/springframework/boot/spring-boot-starter-logging/2.3.0.BUILD-SNAPSHOT/spring-boot-starter-logging-2.3.0.BUILD-SNAPSHOT.jar:/Users/d067805/.m2/repository/ch/qos/logback/logback-classic/1.2.3/logback-classic-1.2.3.jar:/Users/d067805/.m2/repository/ch/qos/logback/logback-core/1.2.3/logback-core-1.2.3.jar:/Users/d067805/.m2/repository/org/apache/logging/log4j/log4j-to-slf4j/2.13.1/log4j-to-slf4j-2.13.1.jar:/Users/d067805/.m2/repository/org/apache/logging/log4j/log4j-api/2.13.1/log4j-api-2.13.1.jar:/Users/d067805/.m2/repository/org/slf4j/jul-to-slf4j/1.7.30/jul-to-slf4j-1.7.30.jar:/Users/d067805/.m2/repository/jakarta/annotation/jakarta.annotation-api/1.3.5/jakarta.annotation-api-1.3.5.jar:/Users/d067805/.m2/repository/org/yaml/snakeyaml/1.26/snakeyaml-1.26.jar:/Users/d067805/.m2/repository/org/springframework/boot/spring-boot-starter-json/2.3.0.BUILD-SNAPSHOT/spring-boot-starter-json-2.3.0.BUILD-SNAPSHOT.jar:/Users/d067805/.m2/repository/com/fasterxml/jackson/datatype/jackson-datatype-jdk8/2.10.3/jackson-datatype-jdk8-2.10.3.jar:/Users/d067805/.m2/repository/com/fasterxml/jackson/module/jackson-module-parameter-names/2.10.3/jackson-module-parameter-names-2.10.3.jar:/Users/d067805/.m2/repository/org/springframework/boot/spring-boot-starter-tomcat/2.3.0.BUILD-SNAPSHOT/spring-boot-starter-tomcat-2.3.0.BUILD-SNAPSHOT.jar:/Users/d067805/.m2/repository/org/apache/tomcat/embed/tomcat-embed-core/9.0.31/tomcat-embed-core-9.0.31.jar:/Users/d067805/.m2/repository/org/glassfish/jakarta.el/3.0.3/jakarta.el-3.0.3.jar:/Users/d067805/.m2/repository/org/apache/tomcat/embed/tomcat-embed-websocket/9.0.31/tomcat-embed-websocket-9.0.31.jar:/Users/d067805/.m2/repository/org/springframework/spring-web/5.2.4.RELEASE/spring-web-5.2.4.RELEASE.jar:/Users/d067805/.m2/repository/org/springframework/spring-webmvc/5.2.4.RELEASE/spring-webmvc-5.2.4.RELEASE.jar:/Users/d067805/.m2/repository/org/springframework/spring-aop/5.2.4.RELEASE/spring-aop-5.2.4.RELEASE.jar:/Users/d067805/.m2/repository/com/fasterxml/jackson/module/jackson-module-kotlin/2.10.3/jackson-module-kotlin-2.10.3.jar:/Users/d067805/.m2/repository/com/fasterxml/jackson/core/jackson-databind/2.10.3/jackson-databind-2.10.3.jar:/Users/d067805/.m2/repository/com/fasterxml/jackson/core/jackson-annotations/2.10.3/jackson-annotations-2.10.3.jar:/Users/d067805/.m2/repository/org/jetbrains/kotlin/kotlin-reflect/1.3.61/kotlin-reflect-1.3.61.jar:/Users/d067805/.m2/repository/org/jetbrains/kotlin/kotlin-stdlib/1.3.61/kotlin-stdlib-1.3.61.jar:/Users/d067805/.m2/repository/org/jetbrains/kotlin/kotlin-stdlib-common/1.3.61/kotlin-stdlib-common-1.3.61.jar:/Users/d067805/.m2/repository/org/jetbrains/annotations/13.0/annotations-13.0.jar:/Users/d067805/.m2/repository/org/jetbrains/kotlin/kotlin-stdlib-jdk8/1.3.61/kotlin-stdlib-jdk8-1.3.61.jar:/Users/d067805/.m2/repository/org/jetbrains/kotlin/kotlin-stdlib-jdk7/1.3.61/kotlin-stdlib-jdk7-1.3.61.jar:/Users/d067805/.m2/repository/org/springframework/kafka/spring-kafka/2.4.4.RELEASE/spring-kafka-2.4.4.RELEASE.jar:/Users/d067805/.m2/repository/org/apache/kafka/kafka-clients/2.4.1/kafka-clients-2.4.1.jar:/Users/d067805/.m2/repository/com/github/luben/zstd-jni/1.4.3-1/zstd-jni-1.4.3-1.jar:/Users/d067805/.m2/repository/org/lz4/lz4-java/1.6.0/lz4-java-1.6.0.jar:/Users/d067805/.m2/repository/org/xerial/snappy/snappy-java/1.1.7.3/snappy-java-1.1.7.3.jar:/Users/d067805/.m2/repository/org/springframework/retry/spring-retry/1.2.5.RELEASE/spring-retry-1.2.5.RELEASE.jar:/Users/d067805/.m2/repository/org/springframework/spring-context/5.2.4.RELEASE/spring-context-5.2.4.RELEASE.jar:/Users/d067805/.m2/repository/org/springframework/spring-messaging/5.2.4.RELEASE/spring-messaging-5.2.4.RELEASE.jar:/Users/d067805/.m2/repository/org/springframework/spring-tx/5.2.4.RELEASE/spring-tx-5.2.4.RELEASE.jar:/Users/d067805/.m2/repository/org/springframework/boot/spring-boot-starter-test/2.3.0.BUILD-SNAPSHOT/spring-boot-starter-test-2.3.0.BUILD-SNAPSHOT.jar:/Users/d067805/.m2/repository/org/springframework/boot/spring-boot-test/2.3.0.BUILD-SNAPSHOT/spring-boot-test-2.3.0.BUILD-SNAPSHOT.jar:/Users/d067805/.m2/repository/org/springframework/boot/spring-boot-test-autoconfigure/2.3.0.BUILD-SNAPSHOT/spring-boot-test-autoconfigure-2.3.0.BUILD-SNAPSHOT.jar:/Users/d067805/.m2/repository/com/jayway/jsonpath/json-path/2.4.0/json-path-2.4.0.jar:/Users/d067805/.m2/repository/net/minidev/json-smart/2.3/json-smart-2.3.jar:/Users/d067805/.m2/repository/net/minidev/accessors-smart/1.2/accessors-smart-1.2.jar:/Users/d067805/.m2/repository/org/ow2/asm/asm/5.0.4/asm-5.0.4.jar:/Users/d067805/.m2/repository/jakarta/xml/bind/jakarta.xml.bind-api/2.3.3/jakarta.xml.bind-api-2.3.3.jar:/Users/d067805/.m2/repository/jakarta/activation/jakarta.activation-api/1.2.2/jakarta.activation-api-1.2.2.jar:/Users/d067805/.m2/repository/org/assertj/assertj-core/3.15.0/assertj-core-3.15.0.jar:/Users/d067805/.m2/repository/org/hamcrest/hamcrest/2.2/hamcrest-2.2.jar:/Users/d067805/.m2/repository/org/junit/jupiter/junit-jupiter/5.6.0/junit-jupiter-5.6.0.jar:/Users/d067805/.m2/repository/org/junit/jupiter/junit-jupiter-params/5.6.0/junit-jupiter-params-5.6.0.jar:/Users/d067805/.m2/repository/org/junit/jupiter/junit-jupiter-engine/5.6.0/junit-jupiter-engine-5.6.0.jar:/Users/d067805/.m2/repository/org/junit/platform/junit-platform-engine/1.6.0/junit-platform-engine-1.6.0.jar:/Users/d067805/.m2/repository/org/mockito/mockito-core/3.3.0/mockito-core-3.3.0.jar:/Users/d067805/.m2/repository/net/bytebuddy/byte-buddy/1.10.8/byte-buddy-1.10.8.jar:/Users/d067805/.m2/repository/net/bytebuddy/byte-buddy-agent/1.10.8/byte-buddy-agent-1.10.8.jar:/Users/d067805/.m2/repository/org/objenesis/objenesis/2.6/objenesis-2.6.jar:/Users/d067805/.m2/repository/org/mockito/mockito-junit-jupiter/3.3.0/mockito-junit-jupiter-3.3.0.jar:/Users/d067805/.m2/repository/org/skyscreamer/jsonassert/1.5.0/jsonassert-1.5.0.jar:/Users/d067805/.m2/repository/com/vaadin/external/google/android-json/0.0.20131108.vaadin1/android-json-0.0.20131108.vaadin1.jar:/Users/d067805/.m2/repository/org/springframework/spring-core/5.2.4.RELEASE/spring-core-5.2.4.RELEASE.jar:/Users/d067805/.m2/repository/org/springframework/spring-jcl/5.2.4.RELEASE/spring-jcl-5.2.4.RELEASE.jar:/Users/d067805/.m2/repository/org/springframework/spring-test/5.2.4.RELEASE/spring-test-5.2.4.RELEASE.jar:/Users/d067805/.m2/repository/org/xmlunit/xmlunit-core/2.6.4/xmlunit-core-2.6.4.jar:/Users/d067805/.m2/repository/org/springframework/kafka/spring-kafka-test/2.4.4.RELEASE/spring-kafka-test-2.4.4.RELEASE.jar:/Users/d067805/.m2/repository/org/apache/kafka/kafka-clients/2.4.0/kafka-clients-2.4.0-test.jar:/Users/d067805/.m2/repository/org/apache/kafka/kafka-streams/2.4.1/kafka-streams-2.4.1.jar:/Users/d067805/.m2/repository/org/apache/kafka/connect-json/2.4.1/connect-json-2.4.1.jar:/Users/d067805/.m2/repository/org/apache/kafka/connect-api/2.4.1/connect-api-2.4.1.jar:/Users/d067805/.m2/repository/org/rocksdb/rocksdbjni/5.18.3/rocksdbjni-5.18.3.jar:/Users/d067805/.m2/repository/org/apache/kafka/kafka-streams-test-utils/2.4.1/kafka-streams-test-utils-2.4.1.jar:/Users/d067805/.m2/repository/org/apache/kafka/kafka_2.12/2.4.1/kafka_2.12-2.4.1.jar:/Users/d067805/.m2/repository/com/fasterxml/jackson/module/jackson-module-scala_2.12/2.10.3/jackson-module-scala_2.12-2.10.3.jar:/Users/d067805/.m2/repository/com/fasterxml/jackson/module/jackson-module-paranamer/2.10.3/jackson-module-paranamer-2.10.3.jar:/Users/d067805/.m2/repository/com/thoughtworks/paranamer/paranamer/2.8/paranamer-2.8.jar:/Users/d067805/.m2/repository/com/fasterxml/jackson/dataformat/jackson-dataformat-csv/2.10.3/jackson-dataformat-csv-2.10.3.jar:/Users/d067805/.m2/repository/net/sf/jopt-simple/jopt-simple/5.0.4/jopt-simple-5.0.4.jar:/Users/d067805/.m2/repository/com/yammer/metrics/metrics-core/2.2.0/metrics-core-2.2.0.jar:/Users/d067805/.m2/repository/org/scala-lang/modules/scala-collection-compat_2.12/2.1.2/scala-collection-compat_2.12-2.1.2.jar:/Users/d067805/.m2/repository/org/scala-lang/modules/scala-java8-compat_2.12/0.9.0/scala-java8-compat_2.12-0.9.0.jar:/Users/d067805/.m2/repository/org/scala-lang/scala-library/2.12.10/scala-library-2.12.10.jar:/Users/d067805/.m2/repository/org/scala-lang/scala-reflect/2.12.10/scala-reflect-2.12.10.jar:/Users/d067805/.m2/repository/com/typesafe/scala-logging/scala-logging_2.12/3.9.2/scala-logging_2.12-3.9.2.jar:/Users/d067805/.m2/repository/org/apache/zookeeper/zookeeper/3.5.7/zookeeper-3.5.7.jar:/Users/d067805/.m2/repository/org/apache/zookeeper/zookeeper-jute/3.5.7/zookeeper-jute-3.5.7.jar:/Users/d067805/.m2/repository/org/apache/yetus/audience-annotations/0.5.0/audience-annotations-0.5.0.jar:/Users/d067805/.m2/repository/io/netty/netty-transport-native-epoll/4.1.47.Final/netty-transport-native-epoll-4.1.47.Final.jar:/Users/d067805/.m2/repository/commons-cli/commons-cli/1.4/commons-cli-1.4.jar:/Users/d067805/.m2/repository/org/apache/kafka/kafka_2.12/2.4.0/kafka_2.12-2.4.0-test.jar:/Users/d067805/.m2/repository/org/junit/jupiter/junit-jupiter-api/5.6.0/junit-jupiter-api-5.6.0.jar:/Users/d067805/.m2/repository/org/apiguardian/apiguardian-api/1.1.0/apiguardian-api-1.1.0.jar:/Users/d067805/.m2/repository/org/opentest4j/opentest4j/1.2.0/opentest4j-1.2.0.jar:/Users/d067805/.m2/repository/org/junit/platform/junit-platform-commons/1.6.0/junit-platform-commons-1.6.0.jar:/Users/d067805/.m2/repository/com/fasterxml/jackson/datatype/jackson-datatype-jsr310/2.10.3/jackson-datatype-jsr310-2.10.3.jar:/Users/d067805/.m2/repository/com/fasterxml/jackson/core/jackson-core/2.10.3/jackson-core-2.10.3.jar:/Users/d067805/.m2/repository/org/apache/flink/flink-java/1.10.0/flink-java-1.10.0.jar:/Users/d067805/.m2/repository/org/apache/flink/flink-core/1.10.0/flink-core-1.10.0.jar:/Users/d067805/.m2/repository/org/apache/flink/flink-annotations/1.10.0/flink-annotations-1.10.0.jar:/Users/d067805/.m2/repository/org/apache/flink/flink-metrics-core/1.10.0/flink-metrics-core-1.10.0.jar:/Users/d067805/.m2/repository/com/esotericsoftware/kryo/kryo/2.24.0/kryo-2.24.0.jar:/Users/d067805/.m2/repository/com/esotericsoftware/minlog/minlog/1.2/minlog-1.2.jar:/Users/d067805/.m2/repository/commons-collections/commons-collections/3.2.2/commons-collections-3.2.2.jar:/Users/d067805/.m2/repository/org/apache/commons/commons-compress/1.18/commons-compress-1.18.jar:/Users/d067805/.m2/repository/org/apache/flink/flink-shaded-asm-7/7.1-9.0/flink-shaded-asm-7-7.1-9.0.jar:/Users/d067805/.m2/repository/org/apache/commons/commons-lang3/3.9/commons-lang3-3.9.jar:/Users/d067805/.m2/repository/org/apache/commons/commons-math3/3.5/commons-math3-3.5.jar:/Users/d067805/.m2/repository/org/slf4j/slf4j-api/1.7.30/slf4j-api-1.7.30.jar:/Users/d067805/.m2/repository/com/google/code/findbugs/jsr305/1.3.9/jsr305-1.3.9.jar:/Users/d067805/.m2/repository/org/apache/flink/force-shading/1.10.0/force-shading-1.10.0.jar:/Users/d067805/.m2/repository/org/apache/flink/flink-streaming-java_2.12/1.10.0/flink-streaming-java_2.12-1.10.0.jar:/Users/d067805/.m2/repository/org/apache/flink/flink-runtime_2.12/1.10.0/flink-runtime_2.12-1.10.0.jar:/Users/d067805/.m2/repository/org/apache/flink/flink-hadoop-fs/1.10.0/flink-hadoop-fs-1.10.0.jar:/Users/d067805/.m2/repository/commons-io/commons-io/2.4/commons-io-2.4.jar:/Users/d067805/.m2/repository/org/apache/flink/flink-shaded-jackson/2.10.1-9.0/flink-shaded-jackson-2.10.1-9.0.jar:/Users/d067805/.m2/repository/org/javassist/javassist/3.24.0-GA/javassist-3.24.0-GA.jar:/Users/d067805/.m2/repository/com/typesafe/akka/akka-actor_2.12/2.5.21/akka-actor_2.12-2.5.21.jar:/Users/d067805/.m2/repository/com/typesafe/config/1.3.3/config-1.3.3.jar:/Users/d067805/.m2/repository/com/typesafe/akka/akka-stream_2.12/2.5.21/akka-stream_2.12-2.5.21.jar:/Users/d067805/.m2/repository/org/reactivestreams/reactive-streams/1.0.3/reactive-streams-1.0.3.jar:/Users/d067805/.m2/repository/com/typesafe/ssl-config-core_2.12/0.3.7/ssl-config-core_2.12-0.3.7.jar:/Users/d067805/.m2/repository/org/scala-lang/modules/scala-parser-combinators_2.12/1.1.1/scala-parser-combinators_2.12-1.1.1.jar:/Users/d067805/.m2/repository/com/typesafe/akka/akka-protobuf_2.12/2.5.21/akka-protobuf_2.12-2.5.21.jar:/Users/d067805/.m2/repository/com/typesafe/akka/akka-slf4j_2.12/2.5.21/akka-slf4j_2.12-2.5.21.jar:/Users/d067805/.m2/repository/org/clapper/grizzled-slf4j_2.12/1.3.2/grizzled-slf4j_2.12-1.3.2.jar:/Users/d067805/.m2/repository/com/github/scopt/scopt_2.12/3.5.0/scopt_2.12-3.5.0.jar:/Users/d067805/.m2/repository/com/twitter/chill_2.12/0.7.6/chill_2.12-0.7.6.jar:/Users/d067805/.m2/repository/com/twitter/chill-java/0.7.6/chill-java-0.7.6.jar:/Users/d067805/.m2/repository/org/apache/flink/flink-clients_2.12/1.10.0/flink-clients_2.12-1.10.0.jar:/Users/d067805/.m2/repository/org/apache/flink/flink-optimizer_2.12/1.10.0/flink-optimizer_2.12-1.10.0.jar:/Users/d067805/.m2/repository/org/apache/flink/flink-shaded-guava/18.0-9.0/flink-shaded-guava-18.0-9.0.jar:/Users/d067805/.m2/repository/org/apache/flink/flink-queryable-state-runtime_2.12/1.10.0/flink-queryable-state-runtime_2.12-1.10.0.jar:/Users/d067805/.m2/repository/org/apache/flink/flink-queryable-state-client-java/1.10.0/flink-queryable-state-client-java-1.10.0.jar:/Users/d067805/.m2/repository/org/apache/flink/flink-shaded-netty/4.1.39.Final-9.0/flink-shaded-netty-4.1.39.Final-9.0.jar:/Users/d067805/.m2/repository/org/apache/flink/flink-connector-kafka_2.12/1.10.0/flink-connector-kafka_2.12-1.10.0.jar:/Users/d067805/.m2/repository/org/apache/flink/flink-connector-kafka-base_2.12/1.10.0/flink-connector-kafka-base_2.12-1.10.0.jar:/Users/d067805/.m2/repository/org/springframework/boot/spring-boot-starter-websocket/2.3.0.BUILD-SNAPSHOT/spring-boot-starter-websocket-2.3.0.BUILD-SNAPSHOT.jar:/Users/d067805/.m2/repository/org/springframework/spring-websocket/5.2.4.RELEASE/spring-websocket-5.2.4.RELEASE.jar:/Users/d067805/.m2/repository/org/springframework/security/spring-security-messaging/5.3.0.RELEASE/spring-security-messaging-5.3.0.RELEASE.jar:/Users/d067805/.m2/repository/org/springframework/security/spring-security-core/5.3.0.RELEASE/spring-security-core-5.3.0.RELEASE.jar:/Users/d067805/.m2/repository/org/springframework/spring-beans/5.2.4.RELEASE/spring-beans-5.2.4.RELEASE.jar:/Users/d067805/.m2/repository/org/springframework/spring-expression/5.2.4.RELEASE/spring-expression-5.2.4.RELEASE.jar:/Users/d067805/.m2/repository/org/springframework/boot/spring-boot-starter-reactor-netty/2.3.0.BUILD-SNAPSHOT/spring-boot-starter-reactor-netty-2.3.0.BUILD-SNAPSHOT.jar:/Users/d067805/.m2/repository/io/projectreactor/netty/reactor-netty/0.9.6.RELEASE/reactor-netty-0.9.6.RELEASE.jar:/Users/d067805/.m2/repository/io/netty/netty-codec-http/4.1.47.Final/netty-codec-http-4.1.47.Final.jar:/Users/d067805/.m2/repository/io/netty/netty-common/4.1.47.Final/netty-common-4.1.47.Final.jar:/Users/d067805/.m2/repository/io/netty/netty-buffer/4.1.47.Final/netty-buffer-4.1.47.Final.jar:/Users/d067805/.m2/repository/io/netty/netty-transport/4.1.47.Final/netty-transport-4.1.47.Final.jar:/Users/d067805/.m2/repository/io/netty/netty-codec/4.1.47.Final/netty-codec-4.1.47.Final.jar:/Users/d067805/.m2/repository/io/netty/netty-codec-http2/4.1.47.Final/netty-codec-http2-4.1.47.Final.jar:/Users/d067805/.m2/repository/io/netty/netty-handler/4.1.47.Final/netty-handler-4.1.47.Final.jar:/Users/d067805/.m2/repository/io/netty/netty-resolver/4.1.47.Final/netty-resolver-4.1.47.Final.jar:/Users/d067805/.m2/repository/io/netty/netty-handler-proxy/4.1.47.Final/netty-handler-proxy-4.1.47.Final.jar:/Users/d067805/.m2/repository/io/netty/netty-codec-socks/4.1.47.Final/netty-codec-socks-4.1.47.Final.jar:/Users/d067805/.m2/repository/io/netty/netty-transport-native-epoll/4.1.47.Final/netty-transport-native-epoll-4.1.47.Final-linux-x86_64.jar:/Users/d067805/.m2/repository/io/netty/netty-transport-native-unix-common/4.1.47.Final/netty-transport-native-unix-common-4.1.47.Final.jar:/Users/d067805/.m2/repository/io/projectreactor/reactor-core/3.3.4.RELEASE/reactor-core-3.3.4.RELEASE.jar:/Users/d067805/.m2/repository/org/springframework/boot/spring-boot-devtools/2.3.0.BUILD-SNAPSHOT/spring-boot-devtools-2.3.0.BUILD-SNAPSHOT.jar:/Users/d067805/.m2/repository/org/springframework/boot/spring-boot/2.3.0.BUILD-SNAPSHOT/spring-boot-2.3.0.BUILD-SNAPSHOT.jar:/Users/d067805/.m2/repository/org/springframework/boot/spring-boot-autoconfigure/2.3.0.BUILD-SNAPSHOT/spring-boot-autoconfigure-2.3.0.BUILD-SNAPSHOT.jar:"/>
    <property name="java.vm.vendor" value="Oracle Corporation"/>
    <property name="sun.arch.data.model" value="64"/>
    <property name="java.vendor.url" value="https://java.oracle.com/"/>
    <property name="os.name" value="Mac OS X"/>
    <property name="java.vm.specification.version" value="12"/>
    <property name="sun.java.launcher" value="SUN_STANDARD"/>
    <property name="user.country" value="CH"/>
    <property name="sun.boot.library.path" value="/Library/Java/JavaVirtualMachines/jdk-12.0.1.jdk/Contents/Home/lib"/>
    <property name="sun.java.command" value="/Users/d067805/Documents/IJ_Workspace/crypto-predict-stream/target/surefire/surefirebooter9218726829392890830.jar /Users/d067805/Documents/IJ_Workspace/crypto-predict-stream/target/surefire 2020-03-24T10-34-19_807-jvmRun1 surefire2688572210720077839tmp surefire_03314959264643543328tmp"/>
    <property name="http.nonProxyHosts" value="local|*.local|169.254/16|*.169.254/16"/>
    <property name="jdk.debug" value="release"/>
    <property name="surefire.test.class.path" value="/Users/d067805/Documents/IJ_Workspace/crypto-predict-stream/target/test-classes:/Users/d067805/Documents/IJ_Workspace/crypto-predict-stream/target/classes:/Users/d067805/.m2/repository/org/springframework/boot/spring-boot-starter-web/2.3.0.BUILD-SNAPSHOT/spring-boot-starter-web-2.3.0.BUILD-SNAPSHOT.jar:/Users/d067805/.m2/repository/org/springframework/boot/spring-boot-starter/2.3.0.BUILD-SNAPSHOT/spring-boot-starter-2.3.0.BUILD-SNAPSHOT.jar:/Users/d067805/.m2/repository/org/springframework/boot/spring-boot-starter-logging/2.3.0.BUILD-SNAPSHOT/spring-boot-starter-logging-2.3.0.BUILD-SNAPSHOT.jar:/Users/d067805/.m2/repository/ch/qos/logback/logback-classic/1.2.3/logback-classic-1.2.3.jar:/Users/d067805/.m2/repository/ch/qos/logback/logback-core/1.2.3/logback-core-1.2.3.jar:/Users/d067805/.m2/repository/org/apache/logging/log4j/log4j-to-slf4j/2.13.1/log4j-to-slf4j-2.13.1.jar:/Users/d067805/.m2/repository/org/apache/logging/log4j/log4j-api/2.13.1/log4j-api-2.13.1.jar:/Users/d067805/.m2/repository/org/slf4j/jul-to-slf4j/1.7.30/jul-to-slf4j-1.7.30.jar:/Users/d067805/.m2/repository/jakarta/annotation/jakarta.annotation-api/1.3.5/jakarta.annotation-api-1.3.5.jar:/Users/d067805/.m2/repository/org/yaml/snakeyaml/1.26/snakeyaml-1.26.jar:/Users/d067805/.m2/repository/org/springframework/boot/spring-boot-starter-json/2.3.0.BUILD-SNAPSHOT/spring-boot-starter-json-2.3.0.BUILD-SNAPSHOT.jar:/Users/d067805/.m2/repository/com/fasterxml/jackson/datatype/jackson-datatype-jdk8/2.10.3/jackson-datatype-jdk8-2.10.3.jar:/Users/d067805/.m2/repository/com/fasterxml/jackson/module/jackson-module-parameter-names/2.10.3/jackson-module-parameter-names-2.10.3.jar:/Users/d067805/.m2/repository/org/springframework/boot/spring-boot-starter-tomcat/2.3.0.BUILD-SNAPSHOT/spring-boot-starter-tomcat-2.3.0.BUILD-SNAPSHOT.jar:/Users/d067805/.m2/repository/org/apache/tomcat/embed/tomcat-embed-core/9.0.31/tomcat-embed-core-9.0.31.jar:/Users/d067805/.m2/repository/org/glassfish/jakarta.el/3.0.3/jakarta.el-3.0.3.jar:/Users/d067805/.m2/repository/org/apache/tomcat/embed/tomcat-embed-websocket/9.0.31/tomcat-embed-websocket-9.0.31.jar:/Users/d067805/.m2/repository/org/springframework/spring-web/5.2.4.RELEASE/spring-web-5.2.4.RELEASE.jar:/Users/d067805/.m2/repository/org/springframework/spring-webmvc/5.2.4.RELEASE/spring-webmvc-5.2.4.RELEASE.jar:/Users/d067805/.m2/repository/org/springframework/spring-aop/5.2.4.RELEASE/spring-aop-5.2.4.RELEASE.jar:/Users/d067805/.m2/repository/com/fasterxml/jackson/module/jackson-module-kotlin/2.10.3/jackson-module-kotlin-2.10.3.jar:/Users/d067805/.m2/repository/com/fasterxml/jackson/core/jackson-databind/2.10.3/jackson-databind-2.10.3.jar:/Users/d067805/.m2/repository/com/fasterxml/jackson/core/jackson-annotations/2.10.3/jackson-annotations-2.10.3.jar:/Users/d067805/.m2/repository/org/jetbrains/kotlin/kotlin-reflect/1.3.61/kotlin-reflect-1.3.61.jar:/Users/d067805/.m2/repository/org/jetbrains/kotlin/kotlin-stdlib/1.3.61/kotlin-stdlib-1.3.61.jar:/Users/d067805/.m2/repository/org/jetbrains/kotlin/kotlin-stdlib-common/1.3.61/kotlin-stdlib-common-1.3.61.jar:/Users/d067805/.m2/repository/org/jetbrains/annotations/13.0/annotations-13.0.jar:/Users/d067805/.m2/repository/org/jetbrains/kotlin/kotlin-stdlib-jdk8/1.3.61/kotlin-stdlib-jdk8-1.3.61.jar:/Users/d067805/.m2/repository/org/jetbrains/kotlin/kotlin-stdlib-jdk7/1.3.61/kotlin-stdlib-jdk7-1.3.61.jar:/Users/d067805/.m2/repository/org/springframework/kafka/spring-kafka/2.4.4.RELEASE/spring-kafka-2.4.4.RELEASE.jar:/Users/d067805/.m2/repository/org/apache/kafka/kafka-clients/2.4.1/kafka-clients-2.4.1.jar:/Users/d067805/.m2/repository/com/github/luben/zstd-jni/1.4.3-1/zstd-jni-1.4.3-1.jar:/Users/d067805/.m2/repository/org/lz4/lz4-java/1.6.0/lz4-java-1.6.0.jar:/Users/d067805/.m2/repository/org/xerial/snappy/snappy-java/1.1.7.3/snappy-java-1.1.7.3.jar:/Users/d067805/.m2/repository/org/springframework/retry/spring-retry/1.2.5.RELEASE/spring-retry-1.2.5.RELEASE.jar:/Users/d067805/.m2/repository/org/springframework/spring-context/5.2.4.RELEASE/spring-context-5.2.4.RELEASE.jar:/Users/d067805/.m2/repository/org/springframework/spring-messaging/5.2.4.RELEASE/spring-messaging-5.2.4.RELEASE.jar:/Users/d067805/.m2/repository/org/springframework/spring-tx/5.2.4.RELEASE/spring-tx-5.2.4.RELEASE.jar:/Users/d067805/.m2/repository/org/springframework/boot/spring-boot-starter-test/2.3.0.BUILD-SNAPSHOT/spring-boot-starter-test-2.3.0.BUILD-SNAPSHOT.jar:/Users/d067805/.m2/repository/org/springframework/boot/spring-boot-test/2.3.0.BUILD-SNAPSHOT/spring-boot-test-2.3.0.BUILD-SNAPSHOT.jar:/Users/d067805/.m2/repository/org/springframework/boot/spring-boot-test-autoconfigure/2.3.0.BUILD-SNAPSHOT/spring-boot-test-autoconfigure-2.3.0.BUILD-SNAPSHOT.jar:/Users/d067805/.m2/repository/com/jayway/jsonpath/json-path/2.4.0/json-path-2.4.0.jar:/Users/d067805/.m2/repository/net/minidev/json-smart/2.3/json-smart-2.3.jar:/Users/d067805/.m2/repository/net/minidev/accessors-smart/1.2/accessors-smart-1.2.jar:/Users/d067805/.m2/repository/org/ow2/asm/asm/5.0.4/asm-5.0.4.jar:/Users/d067805/.m2/repository/jakarta/xml/bind/jakarta.xml.bind-api/2.3.3/jakarta.xml.bind-api-2.3.3.jar:/Users/d067805/.m2/repository/jakarta/activation/jakarta.activation-api/1.2.2/jakarta.activation-api-1.2.2.jar:/Users/d067805/.m2/repository/org/assertj/assertj-core/3.15.0/assertj-core-3.15.0.jar:/Users/d067805/.m2/repository/org/hamcrest/hamcrest/2.2/hamcrest-2.2.jar:/Users/d067805/.m2/repository/org/junit/jupiter/junit-jupiter/5.6.0/junit-jupiter-5.6.0.jar:/Users/d067805/.m2/repository/org/junit/jupiter/junit-jupiter-params/5.6.0/junit-jupiter-params-5.6.0.jar:/Users/d067805/.m2/repository/org/junit/jupiter/junit-jupiter-engine/5.6.0/junit-jupiter-engine-5.6.0.jar:/Users/d067805/.m2/repository/org/junit/platform/junit-platform-engine/1.6.0/junit-platform-engine-1.6.0.jar:/Users/d067805/.m2/repository/org/mockito/mockito-core/3.3.0/mockito-core-3.3.0.jar:/Users/d067805/.m2/repository/net/bytebuddy/byte-buddy/1.10.8/byte-buddy-1.10.8.jar:/Users/d067805/.m2/repository/net/bytebuddy/byte-buddy-agent/1.10.8/byte-buddy-agent-1.10.8.jar:/Users/d067805/.m2/repository/org/objenesis/objenesis/2.6/objenesis-2.6.jar:/Users/d067805/.m2/repository/org/mockito/mockito-junit-jupiter/3.3.0/mockito-junit-jupiter-3.3.0.jar:/Users/d067805/.m2/repository/org/skyscreamer/jsonassert/1.5.0/jsonassert-1.5.0.jar:/Users/d067805/.m2/repository/com/vaadin/external/google/android-json/0.0.20131108.vaadin1/android-json-0.0.20131108.vaadin1.jar:/Users/d067805/.m2/repository/org/springframework/spring-core/5.2.4.RELEASE/spring-core-5.2.4.RELEASE.jar:/Users/d067805/.m2/repository/org/springframework/spring-jcl/5.2.4.RELEASE/spring-jcl-5.2.4.RELEASE.jar:/Users/d067805/.m2/repository/org/springframework/spring-test/5.2.4.RELEASE/spring-test-5.2.4.RELEASE.jar:/Users/d067805/.m2/repository/org/xmlunit/xmlunit-core/2.6.4/xmlunit-core-2.6.4.jar:/Users/d067805/.m2/repository/org/springframework/kafka/spring-kafka-test/2.4.4.RELEASE/spring-kafka-test-2.4.4.RELEASE.jar:/Users/d067805/.m2/repository/org/apache/kafka/kafka-clients/2.4.0/kafka-clients-2.4.0-test.jar:/Users/d067805/.m2/repository/org/apache/kafka/kafka-streams/2.4.1/kafka-streams-2.4.1.jar:/Users/d067805/.m2/repository/org/apache/kafka/connect-json/2.4.1/connect-json-2.4.1.jar:/Users/d067805/.m2/repository/org/apache/kafka/connect-api/2.4.1/connect-api-2.4.1.jar:/Users/d067805/.m2/repository/org/rocksdb/rocksdbjni/5.18.3/rocksdbjni-5.18.3.jar:/Users/d067805/.m2/repository/org/apache/kafka/kafka-streams-test-utils/2.4.1/kafka-streams-test-utils-2.4.1.jar:/Users/d067805/.m2/repository/org/apache/kafka/kafka_2.12/2.4.1/kafka_2.12-2.4.1.jar:/Users/d067805/.m2/repository/com/fasterxml/jackson/module/jackson-module-scala_2.12/2.10.3/jackson-module-scala_2.12-2.10.3.jar:/Users/d067805/.m2/repository/com/fasterxml/jackson/module/jackson-module-paranamer/2.10.3/jackson-module-paranamer-2.10.3.jar:/Users/d067805/.m2/repository/com/thoughtworks/paranamer/paranamer/2.8/paranamer-2.8.jar:/Users/d067805/.m2/repository/com/fasterxml/jackson/dataformat/jackson-dataformat-csv/2.10.3/jackson-dataformat-csv-2.10.3.jar:/Users/d067805/.m2/repository/net/sf/jopt-simple/jopt-simple/5.0.4/jopt-simple-5.0.4.jar:/Users/d067805/.m2/repository/com/yammer/metrics/metrics-core/2.2.0/metrics-core-2.2.0.jar:/Users/d067805/.m2/repository/org/scala-lang/modules/scala-collection-compat_2.12/2.1.2/scala-collection-compat_2.12-2.1.2.jar:/Users/d067805/.m2/repository/org/scala-lang/modules/scala-java8-compat_2.12/0.9.0/scala-java8-compat_2.12-0.9.0.jar:/Users/d067805/.m2/repository/org/scala-lang/scala-library/2.12.10/scala-library-2.12.10.jar:/Users/d067805/.m2/repository/org/scala-lang/scala-reflect/2.12.10/scala-reflect-2.12.10.jar:/Users/d067805/.m2/repository/com/typesafe/scala-logging/scala-logging_2.12/3.9.2/scala-logging_2.12-3.9.2.jar:/Users/d067805/.m2/repository/org/apache/zookeeper/zookeeper/3.5.7/zookeeper-3.5.7.jar:/Users/d067805/.m2/repository/org/apache/zookeeper/zookeeper-jute/3.5.7/zookeeper-jute-3.5.7.jar:/Users/d067805/.m2/repository/org/apache/yetus/audience-annotations/0.5.0/audience-annotations-0.5.0.jar:/Users/d067805/.m2/repository/io/netty/netty-transport-native-epoll/4.1.47.Final/netty-transport-native-epoll-4.1.47.Final.jar:/Users/d067805/.m2/repository/commons-cli/commons-cli/1.4/commons-cli-1.4.jar:/Users/d067805/.m2/repository/org/apache/kafka/kafka_2.12/2.4.0/kafka_2.12-2.4.0-test.jar:/Users/d067805/.m2/repository/org/junit/jupiter/junit-jupiter-api/5.6.0/junit-jupiter-api-5.6.0.jar:/Users/d067805/.m2/repository/org/apiguardian/apiguardian-api/1.1.0/apiguardian-api-1.1.0.jar:/Users/d067805/.m2/repository/org/opentest4j/opentest4j/1.2.0/opentest4j-1.2.0.jar:/Users/d067805/.m2/repository/org/junit/platform/junit-platform-commons/1.6.0/junit-platform-commons-1.6.0.jar:/Users/d067805/.m2/repository/com/fasterxml/jackson/datatype/jackson-datatype-jsr310/2.10.3/jackson-datatype-jsr310-2.10.3.jar:/Users/d067805/.m2/repository/com/fasterxml/jackson/core/jackson-core/2.10.3/jackson-core-2.10.3.jar:/Users/d067805/.m2/repository/org/apache/flink/flink-java/1.10.0/flink-java-1.10.0.jar:/Users/d067805/.m2/repository/org/apache/flink/flink-core/1.10.0/flink-core-1.10.0.jar:/Users/d067805/.m2/repository/org/apache/flink/flink-annotations/1.10.0/flink-annotations-1.10.0.jar:/Users/d067805/.m2/repository/org/apache/flink/flink-metrics-core/1.10.0/flink-metrics-core-1.10.0.jar:/Users/d067805/.m2/repository/com/esotericsoftware/kryo/kryo/2.24.0/kryo-2.24.0.jar:/Users/d067805/.m2/repository/com/esotericsoftware/minlog/minlog/1.2/minlog-1.2.jar:/Users/d067805/.m2/repository/commons-collections/commons-collections/3.2.2/commons-collections-3.2.2.jar:/Users/d067805/.m2/repository/org/apache/commons/commons-compress/1.18/commons-compress-1.18.jar:/Users/d067805/.m2/repository/org/apache/flink/flink-shaded-asm-7/7.1-9.0/flink-shaded-asm-7-7.1-9.0.jar:/Users/d067805/.m2/repository/org/apache/commons/commons-lang3/3.9/commons-lang3-3.9.jar:/Users/d067805/.m2/repository/org/apache/commons/commons-math3/3.5/commons-math3-3.5.jar:/Users/d067805/.m2/repository/org/slf4j/slf4j-api/1.7.30/slf4j-api-1.7.30.jar:/Users/d067805/.m2/repository/com/google/code/findbugs/jsr305/1.3.9/jsr305-1.3.9.jar:/Users/d067805/.m2/repository/org/apache/flink/force-shading/1.10.0/force-shading-1.10.0.jar:/Users/d067805/.m2/repository/org/apache/flink/flink-streaming-java_2.12/1.10.0/flink-streaming-java_2.12-1.10.0.jar:/Users/d067805/.m2/repository/org/apache/flink/flink-runtime_2.12/1.10.0/flink-runtime_2.12-1.10.0.jar:/Users/d067805/.m2/repository/org/apache/flink/flink-hadoop-fs/1.10.0/flink-hadoop-fs-1.10.0.jar:/Users/d067805/.m2/repository/commons-io/commons-io/2.4/commons-io-2.4.jar:/Users/d067805/.m2/repository/org/apache/flink/flink-shaded-jackson/2.10.1-9.0/flink-shaded-jackson-2.10.1-9.0.jar:/Users/d067805/.m2/repository/org/javassist/javassist/3.24.0-GA/javassist-3.24.0-GA.jar:/Users/d067805/.m2/repository/com/typesafe/akka/akka-actor_2.12/2.5.21/akka-actor_2.12-2.5.21.jar:/Users/d067805/.m2/repository/com/typesafe/config/1.3.3/config-1.3.3.jar:/Users/d067805/.m2/repository/com/typesafe/akka/akka-stream_2.12/2.5.21/akka-stream_2.12-2.5.21.jar:/Users/d067805/.m2/repository/org/reactivestreams/reactive-streams/1.0.3/reactive-streams-1.0.3.jar:/Users/d067805/.m2/repository/com/typesafe/ssl-config-core_2.12/0.3.7/ssl-config-core_2.12-0.3.7.jar:/Users/d067805/.m2/repository/org/scala-lang/modules/scala-parser-combinators_2.12/1.1.1/scala-parser-combinators_2.12-1.1.1.jar:/Users/d067805/.m2/repository/com/typesafe/akka/akka-protobuf_2.12/2.5.21/akka-protobuf_2.12-2.5.21.jar:/Users/d067805/.m2/repository/com/typesafe/akka/akka-slf4j_2.12/2.5.21/akka-slf4j_2.12-2.5.21.jar:/Users/d067805/.m2/repository/org/clapper/grizzled-slf4j_2.12/1.3.2/grizzled-slf4j_2.12-1.3.2.jar:/Users/d067805/.m2/repository/com/github/scopt/scopt_2.12/3.5.0/scopt_2.12-3.5.0.jar:/Users/d067805/.m2/repository/com/twitter/chill_2.12/0.7.6/chill_2.12-0.7.6.jar:/Users/d067805/.m2/repository/com/twitter/chill-java/0.7.6/chill-java-0.7.6.jar:/Users/d067805/.m2/repository/org/apache/flink/flink-clients_2.12/1.10.0/flink-clients_2.12-1.10.0.jar:/Users/d067805/.m2/repository/org/apache/flink/flink-optimizer_2.12/1.10.0/flink-optimizer_2.12-1.10.0.jar:/Users/d067805/.m2/repository/org/apache/flink/flink-shaded-guava/18.0-9.0/flink-shaded-guava-18.0-9.0.jar:/Users/d067805/.m2/repository/org/apache/flink/flink-queryable-state-runtime_2.12/1.10.0/flink-queryable-state-runtime_2.12-1.10.0.jar:/Users/d067805/.m2/repository/org/apache/flink/flink-queryable-state-client-java/1.10.0/flink-queryable-state-client-java-1.10.0.jar:/Users/d067805/.m2/repository/org/apache/flink/flink-shaded-netty/4.1.39.Final-9.0/flink-shaded-netty-4.1.39.Final-9.0.jar:/Users/d067805/.m2/repository/org/apache/flink/flink-connector-kafka_2.12/1.10.0/flink-connector-kafka_2.12-1.10.0.jar:/Users/d067805/.m2/repository/org/apache/flink/flink-connector-kafka-base_2.12/1.10.0/flink-connector-kafka-base_2.12-1.10.0.jar:/Users/d067805/.m2/repository/org/springframework/boot/spring-boot-starter-websocket/2.3.0.BUILD-SNAPSHOT/spring-boot-starter-websocket-2.3.0.BUILD-SNAPSHOT.jar:/Users/d067805/.m2/repository/org/springframework/spring-websocket/5.2.4.RELEASE/spring-websocket-5.2.4.RELEASE.jar:/Users/d067805/.m2/repository/org/springframework/security/spring-security-messaging/5.3.0.RELEASE/spring-security-messaging-5.3.0.RELEASE.jar:/Users/d067805/.m2/repository/org/springframework/security/spring-security-core/5.3.0.RELEASE/spring-security-core-5.3.0.RELEASE.jar:/Users/d067805/.m2/repository/org/springframework/spring-beans/5.2.4.RELEASE/spring-beans-5.2.4.RELEASE.jar:/Users/d067805/.m2/repository/org/springframework/spring-expression/5.2.4.RELEASE/spring-expression-5.2.4.RELEASE.jar:/Users/d067805/.m2/repository/org/springframework/boot/spring-boot-starter-reactor-netty/2.3.0.BUILD-SNAPSHOT/spring-boot-starter-reactor-netty-2.3.0.BUILD-SNAPSHOT.jar:/Users/d067805/.m2/repository/io/projectreactor/netty/reactor-netty/0.9.6.RELEASE/reactor-netty-0.9.6.RELEASE.jar:/Users/d067805/.m2/repository/io/netty/netty-codec-http/4.1.47.Final/netty-codec-http-4.1.47.Final.jar:/Users/d067805/.m2/repository/io/netty/netty-common/4.1.47.Final/netty-common-4.1.47.Final.jar:/Users/d067805/.m2/repository/io/netty/netty-buffer/4.1.47.Final/netty-buffer-4.1.47.Final.jar:/Users/d067805/.m2/repository/io/netty/netty-transport/4.1.47.Final/netty-transport-4.1.47.Final.jar:/Users/d067805/.m2/repository/io/netty/netty-codec/4.1.47.Final/netty-codec-4.1.47.Final.jar:/Users/d067805/.m2/repository/io/netty/netty-codec-http2/4.1.47.Final/netty-codec-http2-4.1.47.Final.jar:/Users/d067805/.m2/repository/io/netty/netty-handler/4.1.47.Final/netty-handler-4.1.47.Final.jar:/Users/d067805/.m2/repository/io/netty/netty-resolver/4.1.47.Final/netty-resolver-4.1.47.Final.jar:/Users/d067805/.m2/repository/io/netty/netty-handler-proxy/4.1.47.Final/netty-handler-proxy-4.1.47.Final.jar:/Users/d067805/.m2/repository/io/netty/netty-codec-socks/4.1.47.Final/netty-codec-socks-4.1.47.Final.jar:/Users/d067805/.m2/repository/io/netty/netty-transport-native-epoll/4.1.47.Final/netty-transport-native-epoll-4.1.47.Final-linux-x86_64.jar:/Users/d067805/.m2/repository/io/netty/netty-transport-native-unix-common/4.1.47.Final/netty-transport-native-unix-common-4.1.47.Final.jar:/Users/d067805/.m2/repository/io/projectreactor/reactor-core/3.3.4.RELEASE/reactor-core-3.3.4.RELEASE.jar:/Users/d067805/.m2/repository/org/springframework/boot/spring-boot-devtools/2.3.0.BUILD-SNAPSHOT/spring-boot-devtools-2.3.0.BUILD-SNAPSHOT.jar:/Users/d067805/.m2/repository/org/springframework/boot/spring-boot/2.3.0.BUILD-SNAPSHOT/spring-boot-2.3.0.BUILD-SNAPSHOT.jar:/Users/d067805/.m2/repository/org/springframework/boot/spring-boot-autoconfigure/2.3.0.BUILD-SNAPSHOT/spring-boot-autoconfigure-2.3.0.BUILD-SNAPSHOT.jar:"/>
    <property name="sun.cpu.endian" value="little"/>
    <property name="user.home" value="/Users/d067805"/>
    <property name="user.language" value="en"/>
    <property name="java.specification.vendor" value="Oracle Corporation"/>
    <property name="java.version.date" value="2019-04-16"/>
    <property name="java.home" value="/Library/Java/JavaVirtualMachines/jdk-12.0.1.jdk/Contents/Home"/>
    <property name="file.separator" value="/"/>
    <property name="basedir" value="/Users/d067805/Documents/IJ_Workspace/crypto-predict-stream"/>
    <property name="java.vm.compressedOopsMode" value="Zero based"/>
    <property name="line.separator" value="&#10;"/>
    <property name="java.specification.name" value="Java Platform API Specification"/>
    <property name="java.vm.specification.vendor" value="Oracle Corporation"/>
    <property name="java.awt.graphicsenv" value="sun.awt.CGraphicsEnvironment"/>
    <property name="surefire.real.class.path" value="/Users/d067805/Documents/IJ_Workspace/crypto-predict-stream/target/surefire/surefirebooter9218726829392890830.jar"/>
    <property name="sun.management.compiler" value="HotSpot 64-Bit Tiered Compilers"/>
    <property name="ftp.nonProxyHosts" value="local|*.local|169.254/16|*.169.254/16"/>
    <property name="java.runtime.version" value="12.0.1+12"/>
    <property name="user.name" value="d067805"/>
    <property name="path.separator" value=":"/>
    <property name="os.version" value="10.15.3"/>
    <property name="java.runtime.name" value="Java(TM) SE Runtime Environment"/>
    <property name="file.encoding" value="US-ASCII"/>
    <property name="java.vm.name" value="Java HotSpot(TM) 64-Bit Server VM"/>
    <property name="localRepository" value="/Users/d067805/.m2/repository"/>
    <property name="java.vendor.url.bug" value="https://bugreport.java.com/bugreport/"/>
    <property name="java.io.tmpdir" value="/var/folders/cr/qs6kbl0j4xg2k2bk6qcvn5w40000gn/T/"/>
    <property name="java.version" value="12.0.1"/>
    <property name="user.dir" value="/Users/d067805/Documents/IJ_Workspace/crypto-predict-stream"/>
    <property name="os.arch" value="x86_64"/>
    <property name="java.vm.specification.name" value="Java Virtual Machine Specification"/>
    <property name="java.library.path" value="/Users/d067805/Library/Java/Extensions:/Library/Java/Extensions:/Network/Library/Java/Extensions:/System/Library/Java/Extensions:/usr/lib/java:."/>
    <property name="java.vm.info" value="mixed mode, sharing"/>
    <property name="java.vendor" value="Oracle Corporation"/>
    <property name="java.vm.version" value="12.0.1+12"/>
    <property name="sun.io.unicode.encoding" value="UnicodeBig"/>
    <property name="socksNonProxyHosts" value="local|*.local|169.254/16|*.169.254/16"/>
    <property name="java.class.version" value="56.0"/>
  </properties>
  <testcase name="contextLoads" classname="li.bfih.cryptopredictstream.CryptoPredictStreamApplicationTests" time="0.461"/>
</testsuite>